2022-09-05T09:48:50.419+0800 [DEBUG] [org.gradle.launcher.daemon.bootstrap.DaemonMain] Assuming the daemon was started with following jvm opts: [-XX:MaxPermSize=1024m, --add-opens, java.base/java.util=ALL-UNNAMED, --add-opens, java.base/java.lang=ALL-UNNAMED, --add-opens, java.base/java.lang.invoke=ALL-UNNAMED, --add-opens, java.base/java.util=ALL-UNNAMED, --add-opens, java.prefs/java.util.prefs=ALL-UNNAMED, --add-opens, java.prefs/java.util.prefs=ALL-UNNAMED, --add-opens, java.base/java.nio.charset=ALL-UNNAMED, --add-opens, java.base/java.net=ALL-UNNAMED, --add-opens, java.base/java.util.concurrent.atomic=ALL-UNNAMED, -Xmx4096m, -Dfile.encoding=UTF-8, -Duser.country=US, -Duser.language=en, -Duser.variant]
2022-09-05T09:48:50.524+0800 [INFO] [org.gradle.launcher.daemon.server.Daemon] start() called on daemon - DefaultDaemonContext[uid=a9a322ff-2952-4189-97da-63726581a6b7,javaHome=/opt/android-studio-2021.2.1/android-studio/jre,daemonRegistryDir=/home/xc/space1/android_projs/CameraPreview/master/app/daemon,pid=10946,idleTimeout=10800000,priority=NORMAL,daemonOpts=-XX:MaxPermSize=1024m,--add-opens,java.base/java.util=ALL-UNNAMED,--add-opens,java.base/java.lang=ALL-UNNAMED,--add-opens,java.base/java.lang.invoke=ALL-UNNAMED,--add-opens,java.base/java.util=ALL-UNNAMED,--add-opens,java.prefs/java.util.prefs=ALL-UNNAMED,--add-opens,java.prefs/java.util.prefs=ALL-UNNAMED,--add-opens,java.base/java.nio.charset=ALL-UNNAMED,--add-opens,java.base/java.net=ALL-UNNAMED,--add-opens,java.base/java.util.concurrent.atomic=ALL-UNNAMED,-Xmx4096m,-Dfile.encoding=UTF-8,-Duser.country=US,-Duser.language=en,-Duser.variant]
2022-09-05T09:48:50.540+0800 [DEBUG] [org.gradle.internal.remote.internal.inet.InetAddresses] Adding IP addresses for network interface docker0
2022-09-05T09:48:50.540+0800 [DEBUG] [org.gradle.internal.remote.internal.inet.InetAddresses] Is this a loopback interface? false
2022-09-05T09:48:50.541+0800 [DEBUG] [org.gradle.internal.remote.internal.inet.InetAddresses] Adding remote address /172.17.0.1
2022-09-05T09:48:50.541+0800 [DEBUG] [org.gradle.internal.remote.internal.inet.InetAddresses] Adding IP addresses for network interface wlp0s20f3
2022-09-05T09:48:50.541+0800 [DEBUG] [org.gradle.internal.remote.internal.inet.InetAddresses] Is this a loopback interface? false
2022-09-05T09:48:50.541+0800 [DEBUG] [org.gradle.internal.remote.internal.inet.InetAddresses] Adding remote address /fe80:0:0:0:9d34:ba36:cdbd:19b8%wlp0s20f3
2022-09-05T09:48:50.542+0800 [DEBUG] [org.gradle.internal.remote.internal.inet.InetAddresses] Adding remote address /192.168.10.118
2022-09-05T09:48:50.542+0800 [DEBUG] [org.gradle.internal.remote.internal.inet.InetAddresses] Adding IP addresses for network interface lo
2022-09-05T09:48:50.542+0800 [DEBUG] [org.gradle.internal.remote.internal.inet.InetAddresses] Is this a loopback interface? true
2022-09-05T09:48:50.542+0800 [DEBUG] [org.gradle.internal.remote.internal.inet.InetAddresses] Adding loopback address /0:0:0:0:0:0:0:1%lo
2022-09-05T09:48:50.542+0800 [DEBUG] [org.gradle.internal.remote.internal.inet.InetAddresses] Adding loopback address /127.0.0.1
2022-09-05T09:48:50.544+0800 [DEBUG] [org.gradle.internal.remote.internal.inet.TcpIncomingConnector] Listening on [6a9c79de-7f31-4005-8f4b-db6b30cca71c port:45151, addresses:[localhost/127.0.0.1]].
2022-09-05T09:48:50.549+0800 [DEBUG] [org.gradle.launcher.daemon.server.Daemon] Daemon starting at: Mon Sep 05 09:48:50 CST 2022, with address: [6a9c79de-7f31-4005-8f4b-db6b30cca71c port:45151, addresses:[localhost/127.0.0.1]]
2022-09-05T09:48:50.549+0800 [INFO] [org.gradle.launcher.daemon.server.DaemonRegistryUpdater] Advertising the daemon address to the clients: [6a9c79de-7f31-4005-8f4b-db6b30cca71c port:45151, addresses:[localhost/127.0.0.1]]
2022-09-05T09:48:50.550+0800 [DEBUG] [org.gradle.launcher.daemon.server.DaemonRegistryUpdater] Advertised daemon context: DefaultDaemonContext[uid=a9a322ff-2952-4189-97da-63726581a6b7,javaHome=/opt/android-studio-2021.2.1/android-studio/jre,daemonRegistryDir=/home/xc/space1/android_projs/CameraPreview/master/app/daemon,pid=10946,idleTimeout=10800000,priority=NORMAL,daemonOpts=-XX:MaxPermSize=1024m,--add-opens,java.base/java.util=ALL-UNNAMED,--add-opens,java.base/java.lang=ALL-UNNAMED,--add-opens,java.base/java.lang.invoke=ALL-UNNAMED,--add-opens,java.base/java.util=ALL-UNNAMED,--add-opens,java.prefs/java.util.prefs=ALL-UNNAMED,--add-opens,java.prefs/java.util.prefs=ALL-UNNAMED,--add-opens,java.base/java.nio.charset=ALL-UNNAMED,--add-opens,java.base/java.net=ALL-UNNAMED,--add-opens,java.base/java.util.concurrent.atomic=ALL-UNNAMED,-Xmx4096m,-Dfile.encoding=UTF-8,-Duser.country=US,-Duser.language=en,-Duser.variant]
2022-09-05T09:48:50.550+0800 [DEBUG] [org.gradle.launcher.daemon.registry.PersistentDaemonRegistry] Storing daemon address: [6a9c79de-7f31-4005-8f4b-db6b30cca71c port:45151, addresses:[localhost/127.0.0.1]], context: DefaultDaemonContext[uid=a9a322ff-2952-4189-97da-63726581a6b7,javaHome=/opt/android-studio-2021.2.1/android-studio/jre,daemonRegistryDir=/home/xc/space1/android_projs/CameraPreview/master/app/daemon,pid=10946,idleTimeout=10800000,priority=NORMAL,daemonOpts=-XX:MaxPermSize=1024m,--add-opens,java.base/java.util=ALL-UNNAMED,--add-opens,java.base/java.lang=ALL-UNNAMED,--add-opens,java.base/java.lang.invoke=ALL-UNNAMED,--add-opens,java.base/java.util=ALL-UNNAMED,--add-opens,java.prefs/java.util.prefs=ALL-UNNAMED,--add-opens,java.prefs/java.util.prefs=ALL-UNNAMED,--add-opens,java.base/java.nio.charset=ALL-UNNAMED,--add-opens,java.base/java.net=ALL-UNNAMED,--add-opens,java.base/java.util.concurrent.atomic=ALL-UNNAMED,-Xmx4096m,-Dfile.encoding=UTF-8,-Duser.country=US,-Duser.language=en,-Duser.variant]
2022-09-05T09:48:50.555+0800 [DEBUG] [org.gradle.cache.internal.DefaultFileLockManager] Waiting to acquire exclusive lock on daemon addresses registry.
2022-09-05T09:48:50.558+0800 [DEBUG] [org.gradle.cache.internal.DefaultFileLockManager] Lock acquired on daemon addresses registry.
2022-09-05T09:48:50.561+0800 [DEBUG] [org.gradle.cache.internal.DefaultFileLockManager] Releasing lock on daemon addresses registry.
2022-09-05T09:48:50.561+0800 [LIFECYCLE] [org.gradle.launcher.daemon.server.Daemon] Daemon server started.
2022-09-05T09:48:50.562+0800 [DEBUG] [org.gradle.launcher.daemon.bootstrap.DaemonStartupCommunication] Completed writing the daemon greeting. Closing streams...
2022-09-05T09:48:50.565+0800 [DEBUG] [org.gradle.launcher.daemon.server.Daemon] stopOnExpiration() called on daemon
2022-09-05T09:48:50.566+0800 [DEBUG] [org.gradle.launcher.daemon.server.Daemon] awaitExpiration() called on daemon
2022-09-05T09:48:50.566+0800 [DEBUG] [org.gradle.launcher.daemon.server.DaemonStateCoordinator] daemon is running. Sleeping until state changes.
2022-09-05T09:48:50.568+0800 [DEBUG] [org.gradle.internal.remote.internal.inet.TcpIncomingConnector] Accepted connection from /127.0.0.1:60390 to /127.0.0.1:45151.
2022-09-05T09:48:50.596+0800 [DEBUG] [org.gradle.launcher.daemon.server.SynchronizedDispatchConnection] thread 19: received class org.gradle.launcher.daemon.protocol.Build
2022-09-05T09:48:50.596+0800 [DEBUG] [org.gradle.launcher.daemon.server.DefaultDaemonConnection] thread 19: Received non-IO message from client: Build{id=761ca593-08a3-43b5-9cf2-cc2321b56c61, currentDir=/home/xc/space1/android_projs/CameraPreview}
2022-09-05T09:48:50.597+0800 [INFO] [org.gradle.launcher.daemon.server.DefaultIncomingConnectionHandler] Received command: Build{id=761ca593-08a3-43b5-9cf2-cc2321b56c61, currentDir=/home/xc/space1/android_projs/CameraPreview}.
2022-09-05T09:48:50.597+0800 [DEBUG] [org.gradle.launcher.daemon.server.DefaultIncomingConnectionHandler] Starting executing command: Build{id=761ca593-08a3-43b5-9cf2-cc2321b56c61, currentDir=/home/xc/space1/android_projs/CameraPreview} with connection: socket connection from /127.0.0.1:45151 to /127.0.0.1:60390.
2022-09-05T09:48:50.599+0800 [DEBUG] [org.gradle.launcher.daemon.server.DaemonStateCoordinator] Command execution: started DaemonCommandExecution[command = Build{id=761ca593-08a3-43b5-9cf2-cc2321b56c61, currentDir=/home/xc/space1/android_projs/CameraPreview}, connection = DefaultDaemonConnection: socket connection from /127.0.0.1:45151 to /127.0.0.1:60390] after 0.0 minutes of idle
2022-09-05T09:48:50.600+0800 [INFO] [org.gradle.launcher.daemon.server.DaemonRegistryUpdater] Marking the daemon as busy, address: [6a9c79de-7f31-4005-8f4b-db6b30cca71c port:45151, addresses:[localhost/127.0.0.1]]
2022-09-05T09:48:50.600+0800 [DEBUG] [org.gradle.launcher.daemon.registry.PersistentDaemonRegistry] Marking busy by address: [6a9c79de-7f31-4005-8f4b-db6b30cca71c port:45151, addresses:[localhost/127.0.0.1]]
2022-09-05T09:48:50.600+0800 [DEBUG] [org.gradle.cache.internal.DefaultFileLockManager] Waiting to acquire exclusive lock on daemon addresses registry.
2022-09-05T09:48:50.600+0800 [DEBUG] [org.gradle.cache.internal.DefaultFileLockManager] Lock acquired on daemon addresses registry.
2022-09-05T09:48:50.601+0800 [DEBUG] [org.gradle.cache.internal.DefaultFileLockManager] Releasing lock on daemon addresses registry.
2022-09-05T09:48:50.601+0800 [DEBUG] [org.gradle.launcher.daemon.server.DaemonStateCoordinator] resetting idle timer
2022-09-05T09:48:50.601+0800 [DEBUG] [org.gradle.launcher.daemon.server.DaemonStateCoordinator] daemon is running. Sleeping until state changes.
2022-09-05T09:48:50.602+0800 [INFO] [org.gradle.launcher.daemon.server.exec.StartBuildOrRespondWithBusy] Daemon is about to start building Build{id=761ca593-08a3-43b5-9cf2-cc2321b56c61, currentDir=/home/xc/space1/android_projs/CameraPreview}. Dispatching build started information...
2022-09-05T09:48:50.602+0800 [DEBUG] [org.gradle.launcher.daemon.server.SynchronizedDispatchConnection] thread 21: dispatching org.gradle.launcher.daemon.protocol.BuildStarted@4cb0fc8
2022-09-05T09:48:50.603+0800 [DEBUG] [org.gradle.launcher.daemon.server.exec.EstablishBuildEnvironment] Configuring env variables: [PATH, XAUTHORITY, INVOCATION_ID, LC_MEASUREMENT, XMODIFIERS, LC_TELEPHONE, GDMSESSION, XDG_DATA_DIRS, LC_TIME, DBUS_SESSION_BUS_ADDRESS, XDG_CURRENT_DESKTOP, JOURNAL_STREAM, SSH_AGENT_PID, LC_PAPER, USERNAME, SESSION_MANAGER, LOGNAME, PWD, MANAGERPID, IM_CONFIG_PHASE, GJS_DEBUG_TOPICS, SHELL, LC_ADDRESS, GIO_LAUNCHED_DESKTOP_FILE, OLDPWD, GNOME_DESKTOP_SESSION_ID, GTK_MODULES, XDG_SESSION_DESKTOP, SHLVL, LC_IDENTIFICATION, LC_MONETARY, QT_IM_MODULE, XDG_CONFIG_DIRS, LANG, XDG_SESSION_TYPE, DISPLAY, LC_NAME, _, XDG_SESSION_CLASS, GPG_AGENT_INFO, DESKTOP_SESSION, USER, XDG_MENU_PREFIX, GIO_LAUNCHED_DESKTOP_FILE_PID, WINDOWPATH, QT_ACCESSIBILITY, GJS_DEBUG_OUTPUT, LC_NUMERIC, SSH_AUTH_SOCK, GNOME_SHELL_SESSION_MODE, XDG_RUNTIME_DIR, HOME]
2022-09-05T09:48:50.606+0800 [DEBUG] [org.gradle.launcher.daemon.server.SynchronizedDispatchConnection] thread 19: received class org.gradle.launcher.daemon.protocol.CloseInput
2022-09-05T09:48:50.607+0800 [DEBUG] [org.gradle.launcher.daemon.server.DefaultDaemonConnection] thread 19: Received IO message from client: org.gradle.launcher.daemon.protocol.CloseInput@2ca22985
2022-09-05T09:48:50.607+0800 [DEBUG] [org.gradle.launcher.daemon.server.exec.LogToClient] About to start relaying all logs to the client via the connection.
2022-09-05T09:48:50.607+0800 [INFO] [org.gradle.launcher.daemon.server.exec.LogToClient] The client will now receive all logging from the daemon (pid: 10946). The daemon log file: /home/xc/space1/android_projs/CameraPreview/master/app/daemon/7.3.3/daemon-10946.out.log
2022-09-05T09:48:50.609+0800 [INFO] [org.gradle.launcher.daemon.server.exec.LogAndCheckHealth] Starting build in new daemon [memory: 4 GiB]
2022-09-05T09:48:50.610+0800 [INFO] [org.gradle.launcher.daemon.server.exec.ForwardClientInput] Closing daemon's stdin at end of input.
2022-09-05T09:48:50.611+0800 [INFO] [org.gradle.launcher.daemon.server.exec.ForwardClientInput] The daemon will no longer process any standard input.
2022-09-05T09:48:50.614+0800 [DEBUG] [org.gradle.launcher.daemon.server.exec.ExecuteBuild] The daemon has started executing the build.
2022-09-05T09:48:50.614+0800 [DEBUG] [org.gradle.launcher.daemon.server.exec.ExecuteBuild] Executing build with daemon context: DefaultDaemonContext[uid=a9a322ff-2952-4189-97da-63726581a6b7,javaHome=/opt/android-studio-2021.2.1/android-studio/jre,daemonRegistryDir=/home/xc/space1/android_projs/CameraPreview/master/app/daemon,pid=10946,idleTimeout=10800000,priority=NORMAL,daemonOpts=-XX:MaxPermSize=1024m,--add-opens,java.base/java.util=ALL-UNNAMED,--add-opens,java.base/java.lang=ALL-UNNAMED,--add-opens,java.base/java.lang.invoke=ALL-UNNAMED,--add-opens,java.base/java.util=ALL-UNNAMED,--add-opens,java.prefs/java.util.prefs=ALL-UNNAMED,--add-opens,java.prefs/java.util.prefs=ALL-UNNAMED,--add-opens,java.base/java.nio.charset=ALL-UNNAMED,--add-opens,java.base/java.net=ALL-UNNAMED,--add-opens,java.base/java.util.concurrent.atomic=ALL-UNNAMED,-Xmx4096m,-Dfile.encoding=UTF-8,-Duser.country=US,-Duser.language=en,-Duser.variant]
Warning: The 'kotlin-android-extensions' Gradle plugin is deprecated. Please use this migration guide (https://goo.gle/kotlin-android-extensions-deprecation) to start working with View Binding (https://developer.android.com/topic/libraries/view-binding) and the 'kotlin-parcelize' plugin.
Warning: The 'kotlin-android-extensions' Gradle plugin is deprecated. Please use this migration guide (https://goo.gle/kotlin-android-extensions-deprecation) to start working with View Binding (https://developer.android.com/topic/libraries/view-binding) and the 'kotlin-parcelize' plugin.
OpenCV: 4.6.0 /home/xc/space1/android_projs/CameraPreview/cv/build.gradle
Clean native-lib-armeabi-v7a
C/C++: CMake Warning (dev) in CMakeLists.txt:
C/C++:   No project() command is present.  The top-level CMakeLists.txt file must
C/C++:   contain a literal, direct call to the project() command.  Add a line of
C/C++:   code such as
C/C++:     project(ProjectName)
C/C++:   near the top of the file, but after cmake_minimum_required().
C/C++:   CMake is pretending there is a "project(Project)" command on the first
C/C++:   line.
C/C++: This warning is for project developers.  Use -Wno-dev to suppress it.
Clean native-lib-arm64-v8a
Clean native-lib-x86
Clean native-lib-x86_64
C/C++: CMake Warning (dev) in CMakeLists.txt:
C/C++:   No project() command is present.  The top-level CMakeLists.txt file must
C/C++:   contain a literal, direct call to the project() command.  Add a line of
C/C++:   code such as
C/C++:     project(ProjectName)
C/C++:   near the top of the file, but after cmake_minimum_required().
C/C++:   CMake is pretending there is a "project(Project)" command on the first
C/C++:   line.
C/C++: This warning is for project developers.  Use -Wno-dev to suppress it.
Clean opencv_jni_shared-armeabi-v7a
Clean opencv_jni_shared-arm64-v8a
Clean opencv_jni_shared-x86
Clean opencv_jni_shared-x86_64
Clean opencv_jni_shared-arm64-v8a
Clean opencv_jni_shared-x86

Deprecated Gradle features were used in this build, making it incompatible with Gradle 8.0.

You can use '--warning-mode all' to show the individual deprecation warnings and determine if they come from your own scripts or plugins.

See https://docs.gradle.org/7.3.3/userguide/command_line_interface.html#sec:command_line_warnings

BUILD SUCCESSFUL in 6s
7 actionable tasks: 7 executed
2022-09-05T09:48:56.460+0800 [DEBUG] [org.gradle.launcher.daemon.server.exec.ExecuteBuild] The daemon has finished executing the build.
2022-09-05T09:48:56.465+0800 [DEBUG] [org.gradle.launcher.daemon.server.DaemonStateCoordinator] daemon is running. Sleeping until state changes.
2022-09-05T09:48:56.466+0800 [DEBUG] [org.gradle.launcher.daemon.server.DaemonStateCoordinator] Command execution: finished waiting for DaemonCommandExecution[command = Build{id=761ca593-08a3-43b5-9cf2-cc2321b56c61, currentDir=/home/xc/space1/android_projs/CameraPreview}, connection = DefaultDaemonConnection: socket connection from /127.0.0.1:45151 to /127.0.0.1:60390]. Result org.gradle.launcher.daemon.server.DaemonStateCoordinator@2a3911a9 with state Busy
2022-09-05T09:48:56.466+0800 [DEBUG] [org.gradle.launcher.daemon.server.DaemonStateCoordinator] Command execution: completed DaemonCommandExecution[command = Build{id=761ca593-08a3-43b5-9cf2-cc2321b56c61, currentDir=/home/xc/space1/android_projs/CameraPreview}, connection = DefaultDaemonConnection: socket connection from /127.0.0.1:45151 to /127.0.0.1:60390]
2022-09-05T09:48:56.466+0800 [DEBUG] [org.gradle.launcher.daemon.server.DaemonStateCoordinator] resetting idle timer
2022-09-05T09:48:56.466+0800 [INFO] [org.gradle.launcher.daemon.server.DaemonRegistryUpdater] Marking the daemon as idle, address: [6a9c79de-7f31-4005-8f4b-db6b30cca71c port:45151, addresses:[localhost/127.0.0.1]]
2022-09-05T09:48:56.466+0800 [DEBUG] [org.gradle.launcher.daemon.registry.PersistentDaemonRegistry] Marking busy by address: [6a9c79de-7f31-4005-8f4b-db6b30cca71c port:45151, addresses:[localhost/127.0.0.1]]
2022-09-05T09:48:56.467+0800 [DEBUG] [org.gradle.cache.internal.DefaultFileLockManager] Waiting to acquire exclusive lock on daemon addresses registry.
2022-09-05T09:48:56.467+0800 [DEBUG] [org.gradle.cache.internal.DefaultFileLockManager] Lock acquired on daemon addresses registry.
2022-09-05T09:48:56.467+0800 [DEBUG] [org.gradle.cache.internal.DefaultFileLockManager] Releasing lock on daemon addresses registry.
2022-09-05T09:48:56.467+0800 [DEBUG] [org.gradle.launcher.daemon.server.DaemonStateCoordinator] daemon is running. Sleeping until state changes.
2022-09-05T09:48:56.468+0800 [DEBUG] [org.gradle.launcher.daemon.server.exec.ReturnResult] Daemon is dispatching the build result: Success[value=org.gradle.launcher.exec.BuildActionResult@2c891359]
2022-09-05T09:48:56.468+0800 [DEBUG] [org.gradle.launcher.daemon.server.SynchronizedDispatchConnection] thread 18: dispatching Success[value=org.gradle.launcher.exec.BuildActionResult@2c891359]
2022-09-05T09:48:56.468+0800 [DEBUG] [org.gradle.launcher.daemon.server.DefaultIncomingConnectionHandler] Finishing executing command: Build{id=761ca593-08a3-43b5-9cf2-cc2321b56c61, currentDir=/home/xc/space1/android_projs/CameraPreview}
2022-09-05T09:48:56.469+0800 [DEBUG] [org.gradle.launcher.daemon.server.SynchronizedDispatchConnection] thread 19: received class org.gradle.launcher.daemon.protocol.Finished
2022-09-05T09:48:56.470+0800 [DEBUG] [org.gradle.launcher.daemon.server.DefaultDaemonConnection] thread 19: Received non-IO message from client: org.gradle.launcher.daemon.protocol.Finished@61a1b9f6
2022-09-05T09:48:56.470+0800 [DEBUG] [org.gradle.launcher.daemon.server.DefaultIncomingConnectionHandler] Received finished message: org.gradle.launcher.daemon.protocol.Finished@61a1b9f6
2022-09-05T09:48:56.470+0800 [DEBUG] [org.gradle.launcher.daemon.server.SynchronizedDispatchConnection] thread 18: stopping connection
2022-09-05T09:48:56.470+0800 [DEBUG] [org.gradle.internal.remote.internal.inet.SocketConnection] Discarding EOFException: java.io.EOFException
2022-09-05T09:48:56.470+0800 [DEBUG] [org.gradle.launcher.daemon.server.SynchronizedDispatchConnection] thread 19: received null
2022-09-05T09:48:56.470+0800 [DEBUG] [org.gradle.launcher.daemon.server.DefaultDaemonConnection] thread 19: Received end-of-input from client.
2022-09-05T09:48:56.471+0800 [DEBUG] [org.gradle.launcher.daemon.server.SynchronizedDispatchConnection] thread 18: stopping connection
2022-09-05T09:49:00.567+0800 [DEBUG] [org.gradle.cache.internal.DefaultFileLockManager] Waiting to acquire shared lock on daemon addresses registry.
2022-09-05T09:49:00.578+0800 [DEBUG] [org.gradle.cache.internal.DefaultFileLockManager] Lock acquired on daemon addresses registry.
2022-09-05T09:49:00.578+0800 [DEBUG] [org.gradle.cache.internal.DefaultFileLockManager] Releasing lock on daemon addresses registry.
2022-09-05T09:49:00.579+0800 [DEBUG] [org.gradle.cache.internal.DefaultFileLockManager] Waiting to acquire shared lock on daemon addresses registry.
2022-09-05T09:49:00.579+0800 [DEBUG] [org.gradle.cache.internal.DefaultFileLockManager] Lock acquired on daemon addresses registry.
2022-09-05T09:49:00.579+0800 [DEBUG] [org.gradle.cache.internal.DefaultFileLockManager] Releasing lock on daemon addresses registry.
2022-09-05T09:49:04.384+0800 [DEBUG] [org.gradle.internal.remote.internal.inet.TcpIncomingConnector] Accepted connection from /127.0.0.1:60392 to /127.0.0.1:45151.
2022-09-05T09:49:04.387+0800 [DEBUG] [org.gradle.launcher.daemon.server.SynchronizedDispatchConnection] thread 198: received class org.gradle.launcher.daemon.protocol.StopWhenIdle
2022-09-05T09:49:04.388+0800 [DEBUG] [org.gradle.launcher.daemon.server.DefaultDaemonConnection] thread 198: Received non-IO message from client: StopWhenIdle[id=0575f4b4-8516-45fe-8376-b2e48a87081b]
2022-09-05T09:49:04.388+0800 [INFO] [org.gradle.launcher.daemon.server.DefaultIncomingConnectionHandler] Received command: StopWhenIdle[id=0575f4b4-8516-45fe-8376-b2e48a87081b].
2022-09-05T09:49:04.388+0800 [DEBUG] [org.gradle.launcher.daemon.server.DefaultIncomingConnectionHandler] Starting executing command: StopWhenIdle[id=0575f4b4-8516-45fe-8376-b2e48a87081b] with connection: socket connection from /127.0.0.1:45151 to /127.0.0.1:60392.
2022-09-05T09:49:04.388+0800 [DEBUG] [org.gradle.launcher.daemon.server.DaemonRegistryUpdater] Storing daemon stop event: stop command received
2022-09-05T09:49:04.388+0800 [DEBUG] [org.gradle.launcher.daemon.registry.PersistentDaemonRegistry] Storing daemon stop event with timestamp 1662342544389
2022-09-05T09:49:04.388+0800 [DEBUG] [org.gradle.cache.internal.DefaultFileLockManager] Waiting to acquire exclusive lock on daemon addresses registry.
2022-09-05T09:49:04.389+0800 [DEBUG] [org.gradle.cache.internal.DefaultFileLockManager] Lock acquired on daemon addresses registry.
2022-09-05T09:49:04.389+0800 [DEBUG] [org.gradle.cache.internal.DefaultFileLockManager] Releasing lock on daemon addresses registry.
2022-09-05T09:49:04.389+0800 [LIFECYCLE] [org.gradle.launcher.daemon.server.DaemonStateCoordinator] Daemon will be stopped at the end of the build stop command received
2022-09-05T09:49:04.389+0800 [DEBUG] [org.gradle.launcher.daemon.server.DaemonStateCoordinator] Marking daemon stopped due to stop command received. The daemon is running a build: false
2022-09-05T09:49:04.389+0800 [DEBUG] [org.gradle.launcher.daemon.server.SynchronizedDispatchConnection] thread 18: dispatching Success[value=null]
2022-09-05T09:49:04.389+0800 [DEBUG] [org.gradle.launcher.daemon.server.DaemonStateCoordinator] daemon has stopped.
2022-09-05T09:49:04.389+0800 [DEBUG] [org.gradle.launcher.daemon.server.Daemon] stop() called on daemon
2022-09-05T09:49:04.389+0800 [INFO] [org.gradle.launcher.daemon.server.Daemon] Stop requested. Daemon is removing its presence from the registry...
2022-09-05T09:49:04.390+0800 [DEBUG] [org.gradle.launcher.daemon.server.SynchronizedDispatchConnection] thread 198: received class org.gradle.launcher.daemon.protocol.Finished
2022-09-05T09:49:04.389+0800 [DEBUG] [org.gradle.launcher.daemon.server.DefaultIncomingConnectionHandler] Finishing executing command: StopWhenIdle[id=0575f4b4-8516-45fe-8376-b2e48a87081b]
2022-09-05T09:49:04.390+0800 [DEBUG] [org.gradle.launcher.daemon.server.DaemonRegistryUpdater] Removing our presence to clients, eg. removing this address from the registry: [6a9c79de-7f31-4005-8f4b-db6b30cca71c port:45151, addresses:[localhost/127.0.0.1]]
2022-09-05T09:49:04.390+0800 [DEBUG] [org.gradle.launcher.daemon.server.DefaultDaemonConnection] thread 198: Received non-IO message from client: org.gradle.launcher.daemon.protocol.Finished@7a2caa6a
2022-09-05T09:49:04.390+0800 [DEBUG] [org.gradle.launcher.daemon.registry.PersistentDaemonRegistry] Removing daemon address: [6a9c79de-7f31-4005-8f4b-db6b30cca71c port:45151, addresses:[localhost/127.0.0.1]]
2022-09-05T09:49:04.390+0800 [DEBUG] [org.gradle.internal.remote.internal.inet.SocketConnection] Discarding EOFException: java.io.EOFException
2022-09-05T09:49:04.390+0800 [DEBUG] [org.gradle.launcher.daemon.server.SynchronizedDispatchConnection] thread 198: received null
2022-09-05T09:49:04.390+0800 [DEBUG] [org.gradle.launcher.daemon.server.DefaultDaemonConnection] thread 198: Received end-of-input from client.
2022-09-05T09:49:04.390+0800 [DEBUG] [org.gradle.cache.internal.DefaultFileLockManager] Waiting to acquire exclusive lock on daemon addresses registry.
2022-09-05T09:49:04.390+0800 [DEBUG] [org.gradle.launcher.daemon.server.DefaultIncomingConnectionHandler] Received finished message: org.gradle.launcher.daemon.protocol.Finished@7a2caa6a
2022-09-05T09:49:04.390+0800 [DEBUG] [org.gradle.cache.internal.DefaultFileLockManager] Lock acquired on daemon addresses registry.
2022-09-05T09:49:04.390+0800 [DEBUG] [org.gradle.launcher.daemon.server.SynchronizedDispatchConnection] thread 18: stopping connection
2022-09-05T09:49:04.391+0800 [DEBUG] [org.gradle.cache.internal.DefaultFileLockManager] Releasing lock on daemon addresses registry.
2022-09-05T09:49:04.391+0800 [DEBUG] [org.gradle.launcher.daemon.server.SynchronizedDispatchConnection] thread 18: stopping connection
2022-09-05T09:49:04.391+0800 [DEBUG] [org.gradle.launcher.daemon.server.DaemonRegistryUpdater] Address removed from registry.
2022-09-05T09:49:04.392+0800 [DEBUG] [org.gradle.cache.internal.LockOnDemandCrossProcessCacheAccess] Releasing file lock for jars (/home/xc/space1/android_projs/CameraPreview/master/app/caches/jars-9)
2022-09-05T09:49:04.392+0800 [DEBUG] [org.gradle.cache.internal.DefaultFileLockManager] Releasing lock on jars (/home/xc/space1/android_projs/CameraPreview/master/app/caches/jars-9).
2022-09-05T09:49:04.392+0800 [DEBUG] [org.gradle.cache.internal.DefaultPersistentDirectoryStore] jars (/home/xc/space1/android_projs/CameraPreview/master/app/caches/jars-9) has last been fully cleaned up 0 hours ago
2022-09-05T09:49:04.394+0800 [DEBUG] [org.gradle.cache.internal.LockOnDemandCrossProcessCacheAccess] Releasing file lock for file content cache (/home/xc/space1/android_projs/CameraPreview/master/app/caches/7.3.3/fileContent)
2022-09-05T09:49:04.394+0800 [DEBUG] [org.gradle.cache.internal.DefaultFileLockManager] Releasing lock on file content cache (/home/xc/space1/android_projs/CameraPreview/master/app/caches/7.3.3/fileContent).
2022-09-05T09:49:04.394+0800 [DEBUG] [org.gradle.internal.watch.vfs.impl.WatchingVirtualFileSystem] Closing VFS, dropping state
2022-09-05T09:49:04.395+0800 [DEBUG] [org.gradle.cache.internal.DefaultPersistentDirectoryStore] Artifact transforms cache (/home/xc/space1/android_projs/CameraPreview/master/app/caches/transforms-3) has last been fully cleaned up 0 hours ago
2022-09-05T09:49:04.395+0800 [DEBUG] [org.gradle.internal.watch.registry.impl.DefaultFileWatcherRegistry] Finished listening to file system change events
2022-09-05T09:49:04.395+0800 [DEBUG] [org.gradle.cache.internal.DefaultCacheAccess] Cache Artifact transforms cache (/home/xc/space1/android_projs/CameraPreview/master/app/caches/transforms-3) was closed 0 times.
2022-09-05T09:49:04.396+0800 [DEBUG] [org.gradle.cache.internal.LockOnDemandCrossProcessCacheAccess] Releasing file lock for artifact cache (/home/xc/space1/android_projs/CameraPreview/master/app/caches/modules-2)
2022-09-05T09:49:04.396+0800 [DEBUG] [org.gradle.cache.internal.btree.BTreePersistentIndexedCache] Closing cache module-metadata.bin (/home/xc/space1/android_projs/CameraPreview/master/app/caches/modules-2/metadata-2.97/module-metadata.bin)
2022-09-05T09:49:04.396+0800 [DEBUG] [org.gradle.cache.internal.btree.BTreePersistentIndexedCache] Closing cache module-artifact.bin (/home/xc/space1/android_projs/CameraPreview/master/app/caches/modules-2/metadata-2.97/module-artifact.bin)
2022-09-05T09:49:04.396+0800 [DEBUG] [org.gradle.cache.internal.DefaultFileLockManager] Releasing lock on artifact cache (/home/xc/space1/android_projs/CameraPreview/master/app/caches/modules-2).
2022-09-05T09:49:04.396+0800 [DEBUG] [org.gradle.cache.internal.DefaultPersistentDirectoryStore] artifact cache (/home/xc/space1/android_projs/CameraPreview/master/app/caches/modules-2) has last been fully cleaned up 0 hours ago
2022-09-05T09:49:04.397+0800 [DEBUG] [org.gradle.cache.internal.LockOnDemandCrossProcessCacheAccess] Releasing file lock for journal cache (/home/xc/space1/android_projs/CameraPreview/master/app/caches/journal-1)
2022-09-05T09:49:04.397+0800 [DEBUG] [org.gradle.cache.internal.btree.BTreePersistentIndexedCache] Closing cache file-access.bin (/home/xc/space1/android_projs/CameraPreview/master/app/caches/journal-1/file-access.bin)
2022-09-05T09:49:04.397+0800 [DEBUG] [org.gradle.cache.internal.DefaultFileLockManager] Releasing lock on journal cache (/home/xc/space1/android_projs/CameraPreview/master/app/caches/journal-1).
2022-09-05T09:49:04.397+0800 [DEBUG] [org.gradle.cache.internal.LockOnDemandCrossProcessCacheAccess] Releasing file lock for file hash cache (/home/xc/space1/android_projs/CameraPreview/master/app/caches/7.3.3/fileHashes)
2022-09-05T09:49:04.397+0800 [DEBUG] [org.gradle.cache.internal.btree.BTreePersistentIndexedCache] Closing cache fileHashes.bin (/home/xc/space1/android_projs/CameraPreview/master/app/caches/7.3.3/fileHashes/fileHashes.bin)
2022-09-05T09:49:04.397+0800 [DEBUG] [org.gradle.cache.internal.btree.BTreePersistentIndexedCache] Closing cache resourceHashesCache.bin (/home/xc/space1/android_projs/CameraPreview/master/app/caches/7.3.3/fileHashes/resourceHashesCache.bin)
2022-09-05T09:49:04.397+0800 [DEBUG] [org.gradle.cache.internal.DefaultFileLockManager] Releasing lock on file hash cache (/home/xc/space1/android_projs/CameraPreview/master/app/caches/7.3.3/fileHashes).
2022-09-05T09:49:04.398+0800 [DEBUG] [org.gradle.cache.internal.DefaultCacheAccess] Cache Generated Gradle JARs cache (/home/xc/space1/android_projs/CameraPreview/master/app/caches/7.3.3/generated-gradle-jars) was closed 0 times.
2022-09-05T09:49:04.398+0800 [DEBUG] [org.gradle.cache.internal.LockOnDemandCrossProcessCacheAccess] Releasing file lock for execution history cache (/home/xc/space1/android_projs/CameraPreview/master/app/caches/7.3.3/executionHistory)
2022-09-05T09:49:04.398+0800 [DEBUG] [org.gradle.cache.internal.DefaultFileLockManager] Releasing lock on execution history cache (/home/xc/space1/android_projs/CameraPreview/master/app/caches/7.3.3/executionHistory).
Daemon vm is shutting down... The daemon has exited normally or was terminated in response to a user interrupt.
2022-09-05T09:49:04.399+0800 [DEBUG] [org.gradle.launcher.daemon.registry.PersistentDaemonRegistry] Removing daemon address: [6a9c79de-7f31-4005-8f4b-db6b30cca71c port:45151, addresses:[localhost/127.0.0.1]]
2022-09-05T09:49:04.399+0800 [DEBUG] [org.gradle.cache.internal.DefaultFileLockManager] Waiting to acquire exclusive lock on daemon addresses registry.
2022-09-05T09:49:04.399+0800 [DEBUG] [org.gradle.cache.internal.DefaultFileLockManager] Lock acquired on daemon addresses registry.
2022-09-05T09:49:04.400+0800 [DEBUG] [org.gradle.cache.internal.DefaultFileLockManager] Releasing lock on daemon addresses registry.
