d:\project\chuanwudingwei\code_video\release\realplayandptzcontrol.pch
d:\project\chuanwudingwei\code_video\release\stdafx.obj
d:\project\chuanwudingwei\code_video\release\videonodeinfo.obj
d:\project\chuanwudingwei\code_video\release\realplayandptzcontroldlg.obj
d:\project\chuanwudingwei\code_video\release\realplayandptzcontrol.obj
d:\project\chuanwudingwei\code_video\release\ptzscreen.obj
d:\project\chuanwudingwei\code_video\release\ptzmenu.obj
d:\project\chuanwudingwei\code_video\release\playwnd.obj
d:\project\chuanwudingwei\code_video\release\playapi.obj
d:\project\chuanwudingwei\code_video\release\multiplay.obj
d:\project\chuanwudingwei\code_video\release\logger.obj
d:\project\chuanwudingwei\code_video\release\exbutton.obj
d:\project\chuanwudingwei\code_video\release\bswndcontainer.obj
d:\project\chuanwudingwei\code_video\bin\x64release\realplayandptzcontrol.exe
d:\project\chuanwudingwei\code_video\bin\x64release\realplayandptzcontrol.pdb
d:\project\chuanwudingwei\code_video\bin\x64release\tmp\realplayandptzcontrol.res
d:\project\chuanwudingwei\code_video\bin\x64release\tmp\realplay.ef316796.tlog\cl.command.1.tlog
d:\project\chuanwudingwei\code_video\bin\x64release\tmp\realplay.ef316796.tlog\cl.read.1.tlog
d:\project\chuanwudingwei\code_video\bin\x64release\tmp\realplay.ef316796.tlog\cl.write.1.tlog
d:\project\chuanwudingwei\code_video\bin\x64release\tmp\realplay.ef316796.tlog\link.command.1.tlog
d:\project\chuanwudingwei\code_video\bin\x64release\tmp\realplay.ef316796.tlog\link.read.1.tlog
d:\project\chuanwudingwei\code_video\bin\x64release\tmp\realplay.ef316796.tlog\link.write.1.tlog
d:\project\chuanwudingwei\code_video\bin\x64release\tmp\realplay.ef316796.tlog\rc.command.1.tlog
d:\project\chuanwudingwei\code_video\bin\x64release\tmp\realplay.ef316796.tlog\rc.read.1.tlog
d:\project\chuanwudingwei\code_video\bin\x64release\tmp\realplay.ef316796.tlog\rc.write.1.tlog
